\BOOKMARK [0][-]{chapter*.5}{\376\377\000I\000n\000t\000r\000o\000d\000u\000\347\000\343\000o}{}% 1
\BOOKMARK [1][-]{section.0.1}{\376\377\000E\000s\000t\000r\000u\000t\000u\000r\000a\000\040\000d\000a\000\040\000T\000e\000s\000e}{chapter*.5}% 2
\BOOKMARK [-1][-]{part.1}{\376\377\000I\000\040\000C\000o\000n\000s\000c\000i\000\352\000n\000c\000i\000a}{}% 3
\BOOKMARK [0][-]{chapter.1}{\376\377\000O\000\040\000t\000r\000a\000\347\000a\000d\000o\000\040\000d\000a\000\040\000c\000i\000d\000a\000d\000e}{part.1}% 4
\BOOKMARK [1][-]{section.1.1}{}{chapter.1}% 5
\BOOKMARK [1][-]{section.1.2}{\376\377\000R\000e\000n\000d\000i\000m\000e\000n\000t\000o}{chapter.1}% 6
\BOOKMARK [1][-]{section.1.3}{\376\377\000T\000r\000a\000\347\000a\000d\000o\000\040\000u\000r\000b\000a\000n\000o}{chapter.1}% 7
\BOOKMARK [2][-]{subsection.1.3.1}{\376\377\000F\000o\000r\000m\000a\000\040\000u\000r\000b\000a\000n\000a}{section.1.3}% 8
\BOOKMARK [2][-]{subsection.1.3.2}{\376\377\000E\000l\000e\000m\000e\000n\000t\000o\000s\000\040\000a\000n\000t\000r\000\363\000p\000i\000c\000o\000s\000\040\000d\000o\000\040\000t\000r\000a\000\347\000a\000d\000o\000:\000\040\000p\000e\000r\000c\000u\000r\000s\000o\000s\000,\000\040\000n\000\363\000s\000\040\000e\000\040\000p\000o\000l\000o\000s}{section.1.3}% 9
\BOOKMARK [2][-]{subsection.1.3.3}{\376\377\000E\000s\000t\000r\000u\000t\000u\000r\000a\000s\000\040\000n\000a\000t\000u\000r\000a\000i\000s\000\040\000s\000u\000b\000j\000a\000c\000e\000n\000t\000e\000s\000\040\000a\000o\000\040\000t\000r\000a\000\347\000a\000d\000o}{section.1.3}% 10
\BOOKMARK [2][-]{subsection.1.3.4}{\376\377\000R\000e\000l\000a\000\347\000\365\000e\000s\000\040\000e\000n\000t\000r\000e\000\040\000t\000r\000a\000\347\000a\000d\000o\000\040\000u\000r\000b\000a\000n\000o\000,\000\040\000p\000a\000r\000c\000e\000l\000a\000m\000e\000n\000t\000o\000\040\000r\000u\000r\000a\000l\000\040\000e\000\040\000\341\000r\000e\000a\000s\000\040\000n\000\343\000o\000-\000a\000n\000t\000r\000o\000p\000i\000z\000a\000d\000a\000s}{section.1.3}% 11
\BOOKMARK [1][-]{section.1.4}{\376\377\000M\000o\000d\000u\000s\000\040\000f\000a\000c\000i\000e\000n\000d\000i\000\040\000a\000t\000u\000a\000l}{chapter.1}% 12
\BOOKMARK [2][-]{subsection.1.4.1}{\376\377\000M\000a\000n\000u\000a\000i\000s\000,\000\040\000g\000u\000i\000a\000s\000\040\000e\000\040\000l\000e\000i\000s\000\040\000d\000e\000\040\000p\000a\000r\000c\000e\000l\000a\000m\000e\000n\000t\000o\000\040\000d\000o\000\040\000s\000o\000l\000o}{section.1.4}% 13
\BOOKMARK [2][-]{subsection.1.4.2}{\376\377\000E\000n\000t\000r\000e\000v\000i\000s\000t\000a\000s\000\040\000s\000o\000b\000r\000e\000\040\000p\000r\000i\000n\000c\000\355\000p\000i\000o\000s\000\040\000q\000u\000e\000\040\000n\000o\000r\000t\000e\000i\000a\000m\000\040\000o\000\040\000d\000e\000s\000e\000n\000h\000o\000\040\000d\000o\000s\000\040\000t\000r\000a\000\347\000a\000d\000o\000s}{section.1.4}% 14
\BOOKMARK [2][-]{subsection.1.4.3}{\376\377\000R\000e\000n\000d\000i\000m\000e\000n\000t\000o\000\040\000e\000c\000o\000n\000\364\000m\000i\000c\000o}{section.1.4}% 15
\BOOKMARK [1][-]{section.1.5}{\376\377\000M\000o\000r\000f\000o\000a\000d\000e\000q\000u\000a\000b\000i\000l\000i\000d\000a\000d\000e\000:\000\040\000u\000m\000a\000\040\000n\000o\000v\000a\000\040\000d\000e\000f\000i\000n\000i\000\347\000\343\000o}{chapter.1}% 16
\BOOKMARK [0][-]{chapter.2}{\376\377\000M\000a\000r\000i\000n\000g\000\341\000:\000\040\000u\000m\000\040\000n\000o\000v\000o\000\040\000e\000s\000t\000u\000d\000o\000\040\000d\000e\000\040\000c\000a\000s\000o}{part.1}% 17
\BOOKMARK [0][-]{chapter.3}{\376\377\000A\000\040\000e\000s\000c\000o\000l\000h\000a\000\040\000d\000e\000\040\000u\000m\000a\000\040\000s\000o\000l\000u\000\347\000\343\000o}{part.1}% 18
\BOOKMARK [-1][-]{part.2}{\376\377\000I\000I\000\040\000D\000e\000s\000e\000n\000v\000o\000l\000v\000i\000m\000e\000n\000t\000o}{}% 19
\BOOKMARK [0][-]{chapter.4}{\376\377\000P\000r\000o\000t\000o\000c\000o\000l\000o}{part.2}% 20
\BOOKMARK [0][-]{chapter.5}{\376\377\000O\000\040\000p\000r\000o\000j\000e\000t\000o\000\040\000d\000e\000\040\000t\000r\000a\000\347\000a\000d\000o\000s\000\040\000h\000i\000p\000o\000t\000\351\000t\000i\000c\000o\000s}{part.2}% 21
\BOOKMARK [1][-]{section.5.1}{\376\377\000P\000r\000o\000j\000e\000t\000o\000\040\000h\000i\000p\000o\000t\000\351\000t\000i\000c\000o\000\040\000s\000o\000b\000r\000e\000\040\000t\000a\000b\000u\000l\000a\000\040\000r\000a\000s\000a\000\040\000\050\000l\000a\000n\000d\000\040\000r\000e\000a\000d\000j\000u\000s\000t\000m\000e\000n\000t\000/\000D\000i\000s\000s\000e\000r\000t\000a\000\347\000\343\000o\000\051}{chapter.5}% 22
\BOOKMARK [1][-]{section.5.2}{\376\377\000P\000r\000o\000j\000e\000t\000o\000\040\000h\000i\000p\000o\000t\000\351\000t\000i\000c\000o\000\040\000s\000o\000b\000r\000e\000\040\000p\000r\000\351\000-\000e\000x\000i\000s\000t\000\352\000n\000c\000i\000a\000s\000\040\000\050\000D\000i\000r\000e\000t\000r\000i\000z\000e\000s\000\040\000V\000i\000\341\000r\000i\000a\000s\000/\000P\000I\000B\000I\000C\000\051}{chapter.5}% 23
\BOOKMARK [1][-]{section.5.3}{\376\377\000P\000r\000o\000j\000e\000t\000o\000\040\000h\000i\000p\000o\000t\000\351\000t\000i\000c\000o\000\040\000s\000o\000b\000r\000e\000\040\000p\000a\000r\000c\000e\000l\000a\000m\000e\000n\000t\000o\000\040\000r\000u\000r\000a\000l}{chapter.5}% 24
\BOOKMARK [0][-]{chapter.6}{\376\377\000D\000i\000r\000e\000t\000r\000i\000z\000e\000s\000\040\000p\000r\000o\000j\000e\000t\000u\000a\000i\000s}{part.2}% 25
\BOOKMARK [-1][-]{part.3}{\376\377\000I\000I\000I\000\040\000A\000v\000a\000l\000i\000a\000\347\000\343\000o}{}% 26
\BOOKMARK [0][-]{chapter.7}{\376\377\000C\000o\000m\000p\000a\000r\000a\000t\000i\000v\000o\000\040\000c\000o\000m\000\040\000e\000x\000i\000s\000t\000e\000n\000t\000e}{part.3}% 27
\BOOKMARK [0][-]{chapter.8}{\376\377\000G\000r\000u\000p\000o\000s\000\040\000f\000o\000c\000a\000i\000s\000\040\000e\000\040\000f\000e\000e\000d\000b\000a\000c\000k}{part.3}% 28
\BOOKMARK [0][-]{chapter.9}{\376\377\000D\000i\000r\000e\000t\000r\000i\000z\000e\000s\000\040\000p\000r\000o\000j\000e\000t\000u\000a\000i\000s}{part.3}% 29
\BOOKMARK [1][-]{section.9.1}{\376\377\000C\000o\000m\000u\000n\000i\000c\000a\000\347\000\343\000o\000\040\000d\000o\000\040\000a\000r\000t\000e\000f\000a\000t\000o\000\040\000a\000o\000s\000\040\000s\000t\000a\000k\000e\000h\000o\000l\000d\000e\000r\000s}{chapter.9}% 30
\BOOKMARK [0][-]{chapter*.11}{\376\377\000C\000o\000n\000c\000l\000u\000s\000\343\000o}{part.3}% 31
\BOOKMARK [0][-]{chapter*.12}{\376\377\000R\000e\000f\000e\000r\000\352\000n\000c\000i\000a\000s}{part.3}% 32
\BOOKMARK [0][-]{chapter*.13}{\376\377\000A\000n\000e\000x\000o\000s}{part.3}% 33
