This is pdfTeX, Version 3.141592653-2.6-1.40.24 (TeX Live 2022) (preloaded format=pdflatex 2023.3.16)  15 APR 2023 18:47
entering extended mode
 restricted \write18 enabled.
 file:line:error style messages enabled.
 %&-line parsing enabled.
**/Users/Pancratii/Documents/GitHub/phd/Fonts/Arvo_CTAN/doc/arvo-samples.tex
(/Users/Pancratii/Documents/GitHub/phd/Fonts/Arvo_CTAN/doc/arvo-samples.tex
LaTeX2e <2021-11-15> patch level 1
L3 programming layer <2022-02-24> (/usr/local/texlive/2022/texmf-dist/tex/latex/base/article.cls
Document Class: article 2021/10/04 v1.4n Standard LaTeX document class
(/usr/local/texlive/2022/texmf-dist/tex/latex/base/size10.clo
File: size10.clo 2021/10/04 v1.4n Standard LaTeX file (size option)
)
\c@part=\count185
\c@section=\count186
\c@subsection=\count187
\c@subsubsection=\count188
\c@paragraph=\count189
\c@subparagraph=\count190
\c@figure=\count191
\c@table=\count192
\abovecaptionskip=\skip47
\belowcaptionskip=\skip48
\bibindent=\dimen138
) (/usr/local/texlive/2022/texmf-dist/tex/latex/base/fontenc.sty
Package: fontenc 2021/04/29 v2.0v Standard LaTeX package
)

! LaTeX Error: File `arvo.sty' not found.

Type X to quit or <RETURN> to proceed,
or enter new name. (Default extension: sty)

Enter file name: 
/Users/Pancratii/Documents/GitHub/phd/Fonts/Arvo_CTAN/doc/arvo-samples.tex:4: Emergency stop.
<read *> 
         
l.4 \usepackage
               {lipsum}^^M
*** (cannot \read from terminal in nonstop modes)

 
Here is how much of TeX's memory you used:
 456 strings out of 478268
 5062 string characters out of 5846347
 292665 words of memory out of 5000000
 18750 multiletter control sequences out of 15000+600000
 470022 words of font info for 29 fonts, out of 8000000 for 9000
 1141 hyphenation exceptions out of 8191
 34i,0n,38p,213b,38s stack positions out of 10000i,1000n,20000p,200000b,200000s
/Users/Pancratii/Documents/GitHub/phd/Fonts/Arvo_CTAN/doc/arvo-samples.tex:4:  ==> Fatal error occurred, no output PDF file produced!
