\BOOKMARK [0][-]{chapter.1}{\376\377\000I\000n\000t\000r\000o}{}% 1
\BOOKMARK [0][-]{chapter*.2}{\376\377\000I\000n\000t\000r\000o\000d\000u\000\347\000\343\000o}{}% 2
\BOOKMARK [1][-]{figure.caption.4}{\376\377\000O\000\040\000q\000u\000e\000\050\000?\000\051}{chapter*.2}% 3
\BOOKMARK [1][-]{figure.caption.4}{\376\377\000P\000o\000r\000\040\000q\000u\000e\000\050\000?\000\051}{chapter*.2}% 4
\BOOKMARK [1][-]{figure.caption.4}{\376\377\000C\000o\000m\000o\000\050\000?\000\051}{chapter*.2}% 5
\BOOKMARK [1][-]{figure.caption.4}{\376\377\000Q\000u\000a\000n\000t\000o\000\050\000?\000\051}{chapter*.2}% 6
\BOOKMARK [0][-]{chapter.2}{\376\377\000C\000o\000n\000c\000e\000i\000t\000u\000a\000\347\000\343\000o}{}% 7
\BOOKMARK [1][-]{section.2.1}{\376\377\000R\000e\000v\000i\000s\000\343\000o\000\040\000B\000i\000b\000l\000i\000o\000g\000r\000\341\000f\000i\000c\000a}{chapter.2}% 8
\BOOKMARK [2][-]{section*.5}{\376\377\000R\000e\000v\000i\000s\000\343\000o\000\040\000A\000s\000s\000i\000s\000t\000e\000m\000\341\000t\000i\000c\000a\000\040\000d\000e\000\040\000L\000i\000t\000e\000r\000a\000t\000u\000r\000a\000\040\000\050\000R\000A\000L\000\051\000:\000\040\000i\000l\000\040\000'\000c\000o\000r\000e\000'\000\040\000d\000e\000l\000l\000a\000\040\000r\000i\000c\000e\000r\000c\000a}{section.2.1}% 9
\BOOKMARK [2][-]{section*.5}{\376\377\000R\000e\000v\000i\000s\000\343\000o\000\040\000S\000i\000s\000t\000e\000m\000\341\000t\000i\000c\000a\000\040\000d\000e\000\040\000L\000i\000t\000e\000r\000a\000t\000u\000r\000a\000\040\000\050\000R\000S\000L\000/\000R\000B\000S\000\051\000:\000\040\000l\000'\000a\000r\000t\000e\000f\000a\000t\000t\000o}{section.2.1}% 10
\BOOKMARK [1][-]{section.2.2}{\376\377\000S\000u\000s\000t\000e\000n\000t\000a\000b\000i\000l\000i\000d\000a\000d\000e}{chapter.2}% 11
\BOOKMARK [1][-]{section.2.3}{\376\377\000M\000o\000r\000f\000o\000l\000o\000g\000i\000a\000\040\000u\000r\000b\000a\000n\000a}{chapter.2}% 12
\BOOKMARK [2][-]{section*.6}{\376\377\000E\000s\000p\000a\000\347\000o\000\040\000p\000\372\000b\000l\000i\000c\000o\000\040\000e\000\040\000p\000r\000i\000v\000a\000d\000o}{section.2.3}% 13
\BOOKMARK [1][-]{section.2.4}{\376\377\000E\000s\000t\000r\000u\000t\000u\000r\000a\000s\000\040\000n\000a\000t\000u\000r\000a\000i\000s\000:\000\040\000c\000u\000m\000e\000a\000d\000a\000s\000,\000\040\000t\000a\000l\000v\000e\000g\000u\000e\000s\000,\000\040\000l\000i\000n\000h\000a\000s\000\040\000d\000e\000\040\000e\000n\000c\000o\000s\000t\000a\000\040\000\050\000o\000u\000\040\000m\000e\000i\000a\000\040\000p\000e\000n\000d\000\352\000n\000c\000i\000a\000\051}{chapter.2}% 14
\BOOKMARK [1][-]{section.2.5}{\376\377\000E\000s\000t\000r\000u\000t\000u\000r\000a\000s\000\040\000a\000n\000t\000r\000\363\000p\000i\000c\000a\000s\000:\000\040\000p\000e\000r\000c\000u\000r\000s\000o\000s\000,\000\040\000n\000\363\000s\000,\000\040\000p\000o\000l\000o\000s\000\040\000e\000\040\000t\000e\000c\000i\000d\000o\000s}{chapter.2}% 15
\BOOKMARK [0][-]{chapter.3}{\376\377\000U\000m\000a\000\040\000a\000n\000\341\000l\000i\000s\000e\000\040\000d\000e\000\040\000U\000n\000w\000i\000n}{}% 16
\BOOKMARK [0][-]{chapter.4}{\376\377\000M\000o\000d\000u\000s\000\040\000f\000a\000c\000i\000e\000n\000d\000i\000\040\000a\000t\000u\000a\000l}{}% 17
\BOOKMARK [0][-]{chapter.5}{\376\377\000V\000a\000r\000i\000a\000\347\000\365\000e\000s\000\040\000s\000o\000b\000r\000e\000\040\000u\000m\000\040\000t\000e\000m\000a\000:\000\040\000o\000\040\000p\000r\000o\000c\000e\000s\000s\000o\000\040\000d\000e\000\040\000p\000r\000o\000j\000e\000t\000o\000\040\000d\000e\000\040\000u\000m\000\040\000n\000o\000v\000o\000\040\000t\000r\000a\000\347\000a\000d\000o\000\040\000u\000r\000b\000a\000n\000o\000\040\000e\000m\000\040\000d\000i\000v\000e\000r\000s\000o\000s\000\040\000c\000e\000n\000\341\000r\000i\000o\000s}{}% 18
\BOOKMARK [0][-]{chapter.6}{\376\377\000M\000\351\000t\000o\000d\000o}{}% 19
\BOOKMARK [1][-]{section.6.1}{\376\377\000P\000a\000s\000s\000o\000-\000a\000-\000p\000a\000s\000s\000o}{chapter.6}% 20
\BOOKMARK [0][-]{chapter*.7}{\376\377\000A\000n\000e\000x\000o\000s}{}% 21
